\BOOKMARK [0][-]{pdf:toc.0}{Inhaltsverzeichnis}{}% 1
\BOOKMARK [0][-]{section*.7}{Symbole\040und\040Abkungen}{}% 2
\BOOKMARK [0][-]{section*.8}{Abbildungsverzeichnis}{}% 3
\BOOKMARK [0][-]{section*.12}{Tabellenverzeichnis}{}% 4
\BOOKMARK [0][-]{chapter.1}{Einf\374hrung}{}% 5
\BOOKMARK [1][-]{section.1.1}{Abgrenzung\040zu\040vorherigen\040Arbeiten}{chapter.1}% 6
\BOOKMARK [1][-]{section.1.2}{Vorgehensweise}{chapter.1}% 7
\BOOKMARK [0][-]{chapter.2}{Stand\040der\040Technik}{}% 8
\BOOKMARK [1][-]{section.2.1}{Modellierungsans\344tze}{chapter.2}% 9
\BOOKMARK [1][-]{section.2.2}{Allgemeine\040Regelung}{chapter.2}% 10
\BOOKMARK [1][-]{section.2.3}{Zustands\374berwachung}{chapter.2}% 11
\BOOKMARK [1][-]{section.2.4}{Maschinelles\040Lernen}{chapter.2}% 12
\BOOKMARK [1][-]{section.2.5}{Modellbildung\040durch\040k\374nstliche\040neuronale\040Netzwerke}{chapter.2}% 13
\BOOKMARK [2][-]{subsection.2.5.1}{Multi-Layer-Perceptron\040\(statischer\040Funktionsapproximator\)}{section.2.5}% 14
\BOOKMARK [3][-]{subsubsection.2.5.1.1}{Herausforderungen\040bei\040der\040Auslegung\040neuronaler\040Netze}{subsection.2.5.1}% 15
\BOOKMARK [2][-]{subsection.2.5.2}{Netze\040mit\040\374berlagerten\040Basisfunktionen\040\(statische\040Funktionsapproximatoren\)}{section.2.5}% 16
\BOOKMARK [2][-]{subsection.2.5.3}{Rekurrente\040neuronale\040Netze\040\(dynamische\040Funktionsapproximatoren\)}{section.2.5}% 17
\BOOKMARK [3][-]{subsubsection.2.5.3.1}{Einfache\040rekurrente\040Netze\040\(dynamische\040Funktionsapproximatoren\)}{subsection.2.5.3}% 18
\BOOKMARK [3][-]{subsubsection.2.5.3.2}{Herausforderungen\040bei\040rekurrenten\040Netzen}{subsection.2.5.3}% 19
\BOOKMARK [3][-]{subsubsection.2.5.3.3}{Moderne\040rekurrente\040Netzarchitekturen\040\(dynamische\040Funktionsapproximatoren\)}{subsection.2.5.3}% 20
\BOOKMARK [3][-]{subsubsection.2.5.3.4}{Klassifikation\040rekurrenter\040Netze}{subsection.2.5.3}% 21
\BOOKMARK [1][-]{section.2.6}{Regelungskonzepte\040basierend\040auf\040Methoden\040des\040maschinellen\040Lernens}{chapter.2}% 22
\BOOKMARK [2][-]{subsection.2.6.1}{\334berwachtes\040Lernen}{section.2.6}% 23
\BOOKMARK [3][-]{subsubsection.2.6.1.1}{Direkte\040inverse\040Regelung}{subsection.2.6.1}% 24
\BOOKMARK [3][-]{subsubsection.2.6.1.2}{Indirekte\040neuronale\040Regelung\040mit\040Referenzmodell}{subsection.2.6.1}% 25
\BOOKMARK [3][-]{subsubsection.2.6.1.3}{Internal\040Model\040Control\040\(IMC\)}{subsection.2.6.1}% 26
\BOOKMARK [3][-]{subsubsection.2.6.1.4}{Feedback\040Linearisierung\040mit\040neuronalen\040Netzen}{subsection.2.6.1}% 27
\BOOKMARK [3][-]{subsubsection.2.6.1.5}{Neuronale\040pr\344diktive\040Regelung}{subsection.2.6.1}% 28
\BOOKMARK [3][-]{subsubsection.2.6.1.6}{Regelungssysteme\040mit\040neuronalen\040Netzen\040als\040Kompensatoren}{subsection.2.6.1}% 29
\BOOKMARK [0][-]{chapter.3}{Ausblick}{}% 30
\BOOKMARK [0][-]{section*.17}{Literaturverzeichnis}{}% 31
